2021-07-12 15:33:20,756:INFO:PyCaret Supervised Module
2021-07-12 15:33:20,757:INFO:ML Usecase: regression
2021-07-12 15:33:20,757:INFO:version 2.3.2
2021-07-12 15:33:20,757:INFO:Initializing setup()
2021-07-12 15:33:20,757:INFO:setup(target=charges, ml_usecase=regression, available_plots={'parameter': 'Hyperparameters', 'residuals': 'Residuals', 'error': 'Prediction Error', 'cooks': 'Cooks Distance', 'rfe': 'Feature Selection', 'learning': 'Learning Curve', 'manifold': 'Manifold Learning', 'vc': 'Validation Curve', 'feature': 'Feature Importance', 'feature_all': 'Feature Importance (All)', 'tree': 'Decision Tree', 'residuals_interactive': 'Interactive Residuals'}, train_size=0.7, test_data=None, preprocess=True, imputation_type=simple, iterative_imputation_iters=5, categorical_features=None, categorical_imputation=constant, categorical_iterative_imputer=lightgbm, ordinal_features=None, high_cardinality_features=None, high_cardinality_method=frequency, numeric_features=None, numeric_imputation=mean, numeric_iterative_imputer=lightgbm, date_features=None, ignore_features=None, normalize=False, normalize_method=zscore, transformation=False, transformation_method=yeo-johnson, handle_unknown_categorical=True, unknown_categorical_method=least_frequent, pca=False, pca_method=linear, pca_components=None, ignore_low_variance=False, combine_rare_levels=False, rare_level_threshold=0.1, bin_numeric_features=None, remove_outliers=False, outliers_threshold=0.05, remove_multicollinearity=False, multicollinearity_threshold=0.9, remove_perfect_collinearity=True, create_clusters=False, cluster_iter=20, polynomial_features=False, polynomial_degree=2, trigonometry_features=False, polynomial_threshold=0.1, group_features=None, group_names=None, feature_selection=False, feature_selection_threshold=0.8, feature_selection_method=classic, feature_interaction=False, feature_ratio=False, interaction_threshold=0.01, fix_imbalance=False, fix_imbalance_method=None, transform_target=False, transform_target_method=box-cox, data_split_shuffle=True, data_split_stratify=False, fold_strategy=kfold, fold=10, fold_shuffle=False, fold_groups=None, n_jobs=-1, use_gpu=False, custom_pipeline=None, html=True, session_id=None, log_experiment=False, experiment_name=None, log_plots=False, log_profile=False, log_data=False, silent=True, verbose=True, profile=False, profile_kwargs=None, display=None)
2021-07-12 15:33:20,757:INFO:Checking environment
2021-07-12 15:33:20,757:INFO:python_version: 3.9.6
2021-07-12 15:33:20,757:INFO:python_build: ('default', 'Jun 29 2021 06:20:32')
2021-07-12 15:33:20,757:INFO:machine: x86_64
2021-07-12 15:33:20,786:INFO:platform: macOS-10.15.7-x86_64-i386-64bit
2021-07-12 15:33:20,787:INFO:Memory: svmem(total=17179869184, available=6150688768, percent=64.2, used=9538088960, free=28635136, active=6116847616, inactive=5621366784, wired=3421241344)
2021-07-12 15:33:20,787:INFO:Physical Core: 6
2021-07-12 15:33:20,787:INFO:Logical Core: 12
2021-07-12 15:33:20,787:INFO:Checking libraries
2021-07-12 15:33:20,787:INFO:pd==1.2.5
2021-07-12 15:33:20,787:INFO:numpy==1.21.0
2021-07-12 15:33:20,787:INFO:sklearn==0.23.2
2021-07-12 15:33:20,787:INFO:lightgbm==3.2.1
2021-07-12 15:33:20,787:INFO:catboost==0.26
2021-07-12 15:33:20,788:INFO:xgboost==1.4.2
2021-07-12 15:33:21,444:INFO:mlflow==1.17.0
2021-07-12 15:33:21,444:INFO:Checking Exceptions
2021-07-12 15:33:21,445:INFO:Declaring global variables
2021-07-12 15:33:21,445:INFO:USI: ef5b
2021-07-12 15:33:21,445:INFO:pycaret_globals: {'fix_imbalance_method_param', 'imputation_classifier', '_all_metrics', 'y_test', '_all_models', 'seed', 'pycaret_globals', 'n_jobs_param', 'imputation_regressor', 'X', 'USI', 'transform_target_param', 'y_train', 'fold_param', 'create_model_container', 'html_param', 'gpu_param', 'fold_groups_param', 'target_param', '_available_plots', 'fold_generator', 'fix_imbalance_param', '_all_models_internal', '_internal_pipeline', 'log_plots_param', 'X_train', 'fold_groups_param_full', '_gpu_n_jobs_param', 'fold_shuffle_param', 'master_model_container', 'data_before_preprocess', 'display_container', 'transform_target_method_param', 'logging_param', 'prep_pipe', 'stratify_param', 'experiment__', 'X_test', 'y', '_ml_usecase', 'exp_name_log', 'iterative_imputation_iters_param'}
2021-07-12 15:33:21,445:INFO:Preparing display monitor
2021-07-12 15:33:21,445:INFO:Preparing display monitor
2021-07-12 15:33:21,454:INFO:Importing libraries
2021-07-12 15:33:21,454:INFO:Copying data for preprocessing
2021-07-12 15:33:21,461:INFO:Declaring preprocessing parameters
2021-07-12 15:33:21,463:INFO:Creating preprocessing pipeline
2021-07-12 15:33:21,469:INFO:Preprocessing pipeline created successfully
2021-07-12 15:33:21,469:ERROR:(Process Exit): setup has been interupted with user command 'quit'. setup must rerun.
2021-07-12 15:33:21,470:INFO:Creating global containers
2021-07-12 15:33:21,471:INFO:Internal pipeline: Pipeline(memory=None, steps=[('empty_step', 'passthrough')], verbose=False)
2021-07-12 15:33:21,826:INFO:Creating grid variables
2021-07-12 15:33:21,857:INFO:create_model_container: 0
2021-07-12 15:33:21,858:INFO:master_model_container: 0
2021-07-12 15:33:21,858:INFO:display_container: 1
2021-07-12 15:33:21,861:INFO:Pipeline(memory=None,
         steps=[('dtypes',
                 DataTypes_Auto_infer(categorical_features=[],
                                      display_types=False, features_todrop=[],
                                      id_columns=[], ml_usecase='regression',
                                      numerical_features=[], target='charges',
                                      time_features=[])),
                ('imputer',
                 Simple_Imputer(categorical_strategy='not_available',
                                fill_value_categorical=None,
                                fill_value_numerical=None,
                                numeric_strateg...
                ('scaling', 'passthrough'), ('P_transform', 'passthrough'),
                ('binn', 'passthrough'), ('rem_outliers', 'passthrough'),
                ('cluster_all', 'passthrough'),
                ('dummy', Dummify(target='charges')),
                ('fix_perfect', Remove_100(target='charges')),
                ('clean_names', Clean_Colum_Names()),
                ('feature_select', 'passthrough'), ('fix_multi', 'passthrough'),
                ('dfs', 'passthrough'), ('pca', 'passthrough')],
         verbose=False)
2021-07-12 15:33:21,861:INFO:setup() succesfully completed......................................
2021-07-12 15:33:21,955:INFO:Initializing compare_models()
2021-07-12 15:33:21,955:INFO:compare_models(include=None, fold=None, round=4, cross_validation=True, sort=R2, n_select=1, budget_time=None, turbo=True, errors=ignore, fit_kwargs=None, groups=None, verbose=True, display=None, exclude=None)
2021-07-12 15:33:21,955:INFO:Checking exceptions
2021-07-12 15:33:21,955:INFO:Preparing display monitor
2021-07-12 15:33:21,955:INFO:Preparing display monitor
2021-07-12 15:33:21,970:INFO:Initializing Linear Regression
2021-07-12 15:33:21,970:INFO:Total runtime is 1.7841657002766927e-06 minutes
2021-07-12 15:33:21,973:INFO:SubProcess create_model() called ==================================
2021-07-12 15:33:21,973:INFO:Initializing create_model()
2021-07-12 15:33:21,973:INFO:create_model(estimator=lr, fold=KFold(n_splits=10, random_state=None, shuffle=False), round=4, cross_validation=True, predict=True, fit_kwargs={}, groups=None, refit=False, verbose=False, system=False, metrics=None, display=<pycaret.internal.Display.Display object at 0x17b3d7220>, kwargs={})
2021-07-12 15:33:21,974:INFO:Checking exceptions
2021-07-12 15:33:21,974:INFO:Importing libraries
2021-07-12 15:33:21,974:INFO:Copying training dataset
2021-07-12 15:33:21,974:INFO:Defining folds
2021-07-12 15:33:21,974:INFO:Declaring metric variables
2021-07-12 15:33:21,977:INFO:Importing untrained model
2021-07-12 15:33:21,981:INFO:Linear Regression Imported succesfully
2021-07-12 15:33:21,987:INFO:Starting cross validation
2021-07-12 15:33:21,995:INFO:Cross validating with KFold(n_splits=10, random_state=None, shuffle=False), n_jobs=-1
2021-07-12 15:33:25,716:INFO:Calculating mean and std
2021-07-12 15:33:25,718:INFO:Creating metrics dataframe
2021-07-12 15:33:25,729:INFO:Uploading results into container
2021-07-12 15:33:25,730:INFO:Uploading model into container now
2021-07-12 15:33:25,730:INFO:create_model_container: 1
2021-07-12 15:33:25,730:INFO:master_model_container: 1
2021-07-12 15:33:25,730:INFO:display_container: 2
2021-07-12 15:33:25,730:INFO:LinearRegression(copy_X=True, fit_intercept=True, n_jobs=-1, normalize=False)
2021-07-12 15:33:25,730:INFO:create_model() succesfully completed......................................
2021-07-12 15:33:25,903:INFO:SubProcess create_model() end ==================================
2021-07-12 15:33:25,903:INFO:Creating metrics dataframe
2021-07-12 15:33:25,911:INFO:Initializing Lasso Regression
2021-07-12 15:33:25,911:INFO:Total runtime is 0.06569364865620932 minutes
2021-07-12 15:33:25,915:INFO:SubProcess create_model() called ==================================
2021-07-12 15:33:25,916:INFO:Initializing create_model()
2021-07-12 15:33:25,916:INFO:create_model(estimator=lasso, fold=KFold(n_splits=10, random_state=None, shuffle=False), round=4, cross_validation=True, predict=True, fit_kwargs={}, groups=None, refit=False, verbose=False, system=False, metrics=None, display=<pycaret.internal.Display.Display object at 0x17b3d7220>, kwargs={})
2021-07-12 15:33:25,916:INFO:Checking exceptions
2021-07-12 15:33:25,916:INFO:Importing libraries
2021-07-12 15:33:25,916:INFO:Copying training dataset
2021-07-12 15:33:25,916:INFO:Defining folds
2021-07-12 15:33:25,916:INFO:Declaring metric variables
2021-07-12 15:33:25,920:INFO:Importing untrained model
2021-07-12 15:33:25,924:INFO:Lasso Regression Imported succesfully
2021-07-12 15:33:25,931:INFO:Starting cross validation
2021-07-12 15:33:25,931:INFO:Cross validating with KFold(n_splits=10, random_state=None, shuffle=False), n_jobs=-1
2021-07-12 15:33:27,378:INFO:Calculating mean and std
2021-07-12 15:33:27,378:INFO:Creating metrics dataframe
2021-07-12 15:33:27,382:INFO:Uploading results into container
2021-07-12 15:33:27,382:INFO:Uploading model into container now
2021-07-12 15:33:27,382:INFO:create_model_container: 2
2021-07-12 15:33:27,382:INFO:master_model_container: 2
2021-07-12 15:33:27,382:INFO:display_container: 2
2021-07-12 15:33:27,382:INFO:Lasso(alpha=1.0, copy_X=True, fit_intercept=True, max_iter=1000,
      normalize=False, positive=False, precompute=False, random_state=7426,
      selection='cyclic', tol=0.0001, warm_start=False)
2021-07-12 15:33:27,382:INFO:create_model() succesfully completed......................................
2021-07-12 15:33:27,487:INFO:SubProcess create_model() end ==================================
2021-07-12 15:33:27,487:INFO:Creating metrics dataframe
2021-07-12 15:33:27,496:INFO:Initializing Ridge Regression
2021-07-12 15:33:27,496:INFO:Total runtime is 0.09210232098897299 minutes
2021-07-12 15:33:27,499:INFO:SubProcess create_model() called ==================================
2021-07-12 15:33:27,500:INFO:Initializing create_model()
2021-07-12 15:33:27,500:INFO:create_model(estimator=ridge, fold=KFold(n_splits=10, random_state=None, shuffle=False), round=4, cross_validation=True, predict=True, fit_kwargs={}, groups=None, refit=False, verbose=False, system=False, metrics=None, display=<pycaret.internal.Display.Display object at 0x17b3d7220>, kwargs={})
2021-07-12 15:33:27,500:INFO:Checking exceptions
2021-07-12 15:33:27,500:INFO:Importing libraries
2021-07-12 15:33:27,500:INFO:Copying training dataset
2021-07-12 15:33:27,500:INFO:Defining folds
2021-07-12 15:33:27,500:INFO:Declaring metric variables
2021-07-12 15:33:27,504:INFO:Importing untrained model
2021-07-12 15:33:27,507:INFO:Ridge Regression Imported succesfully
2021-07-12 15:33:27,514:INFO:Starting cross validation
2021-07-12 15:33:27,515:INFO:Cross validating with KFold(n_splits=10, random_state=None, shuffle=False), n_jobs=-1
2021-07-12 15:33:27,565:INFO:Calculating mean and std
2021-07-12 15:33:27,565:INFO:Creating metrics dataframe
2021-07-12 15:33:27,568:INFO:Uploading results into container
2021-07-12 15:33:27,568:INFO:Uploading model into container now
2021-07-12 15:33:27,568:INFO:create_model_container: 3
2021-07-12 15:33:27,569:INFO:master_model_container: 3
2021-07-12 15:33:27,569:INFO:display_container: 2
2021-07-12 15:33:27,569:INFO:Ridge(alpha=1.0, copy_X=True, fit_intercept=True, max_iter=None,
      normalize=False, random_state=7426, solver='auto', tol=0.001)
2021-07-12 15:33:27,569:INFO:create_model() succesfully completed......................................
2021-07-12 15:33:27,665:INFO:SubProcess create_model() end ==================================
2021-07-12 15:33:27,665:INFO:Creating metrics dataframe
2021-07-12 15:33:27,674:INFO:Initializing Elastic Net
2021-07-12 15:33:27,674:INFO:Total runtime is 0.09507948557535809 minutes
2021-07-12 15:33:27,678:INFO:SubProcess create_model() called ==================================
2021-07-12 15:33:27,678:INFO:Initializing create_model()
2021-07-12 15:33:27,678:INFO:create_model(estimator=en, fold=KFold(n_splits=10, random_state=None, shuffle=False), round=4, cross_validation=True, predict=True, fit_kwargs={}, groups=None, refit=False, verbose=False, system=False, metrics=None, display=<pycaret.internal.Display.Display object at 0x17b3d7220>, kwargs={})
2021-07-12 15:33:27,678:INFO:Checking exceptions
2021-07-12 15:33:27,678:INFO:Importing libraries
2021-07-12 15:33:27,679:INFO:Copying training dataset
2021-07-12 15:33:27,679:INFO:Defining folds
2021-07-12 15:33:27,679:INFO:Declaring metric variables
2021-07-12 15:33:27,682:INFO:Importing untrained model
2021-07-12 15:33:27,686:INFO:Elastic Net Imported succesfully
2021-07-12 15:33:27,693:INFO:Starting cross validation
2021-07-12 15:33:27,694:INFO:Cross validating with KFold(n_splits=10, random_state=None, shuffle=False), n_jobs=-1
2021-07-12 15:33:27,758:INFO:Calculating mean and std
2021-07-12 15:33:27,758:INFO:Creating metrics dataframe
2021-07-12 15:33:27,761:INFO:Uploading results into container
2021-07-12 15:33:27,761:INFO:Uploading model into container now
2021-07-12 15:33:27,762:INFO:create_model_container: 4
2021-07-12 15:33:27,762:INFO:master_model_container: 4
2021-07-12 15:33:27,762:INFO:display_container: 2
2021-07-12 15:33:27,762:INFO:ElasticNet(alpha=1.0, copy_X=True, fit_intercept=True, l1_ratio=0.5,
           max_iter=1000, normalize=False, positive=False, precompute=False,
           random_state=7426, selection='cyclic', tol=0.0001, warm_start=False)
2021-07-12 15:33:27,762:INFO:create_model() succesfully completed......................................
2021-07-12 15:33:27,857:INFO:SubProcess create_model() end ==================================
2021-07-12 15:33:27,857:INFO:Creating metrics dataframe
2021-07-12 15:33:27,865:INFO:Initializing Least Angle Regression
2021-07-12 15:33:27,865:INFO:Total runtime is 0.09825355211893719 minutes
2021-07-12 15:33:27,869:INFO:SubProcess create_model() called ==================================
2021-07-12 15:33:27,869:INFO:Initializing create_model()
2021-07-12 15:33:27,869:INFO:create_model(estimator=lar, fold=KFold(n_splits=10, random_state=None, shuffle=False), round=4, cross_validation=True, predict=True, fit_kwargs={}, groups=None, refit=False, verbose=False, system=False, metrics=None, display=<pycaret.internal.Display.Display object at 0x17b3d7220>, kwargs={})
2021-07-12 15:33:27,869:INFO:Checking exceptions
2021-07-12 15:33:27,869:INFO:Importing libraries
2021-07-12 15:33:27,869:INFO:Copying training dataset
2021-07-12 15:33:27,869:INFO:Defining folds
2021-07-12 15:33:27,869:INFO:Declaring metric variables
2021-07-12 15:33:27,873:INFO:Importing untrained model
2021-07-12 15:33:27,876:INFO:Least Angle Regression Imported succesfully
2021-07-12 15:33:27,883:INFO:Starting cross validation
2021-07-12 15:33:27,884:INFO:Cross validating with KFold(n_splits=10, random_state=None, shuffle=False), n_jobs=-1
2021-07-12 15:33:27,938:INFO:Calculating mean and std
2021-07-12 15:33:27,939:INFO:Creating metrics dataframe
2021-07-12 15:33:27,942:INFO:Uploading results into container
2021-07-12 15:33:27,942:INFO:Uploading model into container now
2021-07-12 15:33:27,942:INFO:create_model_container: 5
2021-07-12 15:33:27,942:INFO:master_model_container: 5
2021-07-12 15:33:27,942:INFO:display_container: 2
2021-07-12 15:33:27,942:INFO:Lars(copy_X=True, eps=2.220446049250313e-16, fit_intercept=True, fit_path=True,
     jitter=None, n_nonzero_coefs=500, normalize=True, precompute='auto',
     random_state=7426, verbose=False)
2021-07-12 15:33:27,942:INFO:create_model() succesfully completed......................................
2021-07-12 15:33:28,038:INFO:SubProcess create_model() end ==================================
2021-07-12 15:33:28,038:INFO:Creating metrics dataframe
2021-07-12 15:33:28,047:INFO:Initializing Lasso Least Angle Regression
2021-07-12 15:33:28,047:INFO:Total runtime is 0.1012837847073873 minutes
2021-07-12 15:33:28,050:INFO:SubProcess create_model() called ==================================
2021-07-12 15:33:28,051:INFO:Initializing create_model()
2021-07-12 15:33:28,051:INFO:create_model(estimator=llar, fold=KFold(n_splits=10, random_state=None, shuffle=False), round=4, cross_validation=True, predict=True, fit_kwargs={}, groups=None, refit=False, verbose=False, system=False, metrics=None, display=<pycaret.internal.Display.Display object at 0x17b3d7220>, kwargs={})
2021-07-12 15:33:28,051:INFO:Checking exceptions
2021-07-12 15:33:28,051:INFO:Importing libraries
2021-07-12 15:33:28,051:INFO:Copying training dataset
2021-07-12 15:33:28,051:INFO:Defining folds
2021-07-12 15:33:28,051:INFO:Declaring metric variables
2021-07-12 15:33:28,055:INFO:Importing untrained model
2021-07-12 15:33:28,058:INFO:Lasso Least Angle Regression Imported succesfully
2021-07-12 15:33:28,066:INFO:Starting cross validation
2021-07-12 15:33:28,066:INFO:Cross validating with KFold(n_splits=10, random_state=None, shuffle=False), n_jobs=-1
2021-07-12 15:33:28,122:INFO:Calculating mean and std
2021-07-12 15:33:28,122:INFO:Creating metrics dataframe
2021-07-12 15:33:28,125:INFO:Uploading results into container
2021-07-12 15:33:28,125:INFO:Uploading model into container now
2021-07-12 15:33:28,125:INFO:create_model_container: 6
2021-07-12 15:33:28,125:INFO:master_model_container: 6
2021-07-12 15:33:28,125:INFO:display_container: 2
2021-07-12 15:33:28,125:INFO:LassoLars(alpha=1.0, copy_X=True, eps=2.220446049250313e-16, fit_intercept=True,
          fit_path=True, jitter=None, max_iter=500, normalize=True,
          positive=False, precompute='auto', random_state=7426, verbose=False)
2021-07-12 15:33:28,125:INFO:create_model() succesfully completed......................................
2021-07-12 15:33:28,221:INFO:SubProcess create_model() end ==================================
2021-07-12 15:33:28,221:INFO:Creating metrics dataframe
2021-07-12 15:33:28,228:INFO:Initializing Orthogonal Matching Pursuit
2021-07-12 15:33:28,228:INFO:Total runtime is 0.1043071508407593 minutes
2021-07-12 15:33:28,232:INFO:SubProcess create_model() called ==================================
2021-07-12 15:33:28,232:INFO:Initializing create_model()
2021-07-12 15:33:28,232:INFO:create_model(estimator=omp, fold=KFold(n_splits=10, random_state=None, shuffle=False), round=4, cross_validation=True, predict=True, fit_kwargs={}, groups=None, refit=False, verbose=False, system=False, metrics=None, display=<pycaret.internal.Display.Display object at 0x17b3d7220>, kwargs={})
2021-07-12 15:33:28,232:INFO:Checking exceptions
2021-07-12 15:33:28,232:INFO:Importing libraries
2021-07-12 15:33:28,232:INFO:Copying training dataset
2021-07-12 15:33:28,232:INFO:Defining folds
2021-07-12 15:33:28,232:INFO:Declaring metric variables
2021-07-12 15:33:28,236:INFO:Importing untrained model
2021-07-12 15:33:28,239:INFO:Orthogonal Matching Pursuit Imported succesfully
2021-07-12 15:33:28,246:INFO:Starting cross validation
2021-07-12 15:33:28,247:INFO:Cross validating with KFold(n_splits=10, random_state=None, shuffle=False), n_jobs=-1
2021-07-12 15:33:28,297:INFO:Calculating mean and std
2021-07-12 15:33:28,297:INFO:Creating metrics dataframe
2021-07-12 15:33:28,300:INFO:Uploading results into container
2021-07-12 15:33:28,301:INFO:Uploading model into container now
2021-07-12 15:33:28,301:INFO:create_model_container: 7
2021-07-12 15:33:28,301:INFO:master_model_container: 7
2021-07-12 15:33:28,301:INFO:display_container: 2
2021-07-12 15:33:28,301:INFO:OrthogonalMatchingPursuit(fit_intercept=True, n_nonzero_coefs=None,
                          normalize=True, precompute='auto', tol=None)
2021-07-12 15:33:28,301:INFO:create_model() succesfully completed......................................
2021-07-12 15:33:28,398:INFO:SubProcess create_model() end ==================================
2021-07-12 15:33:28,399:INFO:Creating metrics dataframe
2021-07-12 15:33:28,406:INFO:Initializing Bayesian Ridge
2021-07-12 15:33:28,406:INFO:Total runtime is 0.1072742025057475 minutes
2021-07-12 15:33:28,410:INFO:SubProcess create_model() called ==================================
2021-07-12 15:33:28,410:INFO:Initializing create_model()
2021-07-12 15:33:28,410:INFO:create_model(estimator=br, fold=KFold(n_splits=10, random_state=None, shuffle=False), round=4, cross_validation=True, predict=True, fit_kwargs={}, groups=None, refit=False, verbose=False, system=False, metrics=None, display=<pycaret.internal.Display.Display object at 0x17b3d7220>, kwargs={})
2021-07-12 15:33:28,410:INFO:Checking exceptions
2021-07-12 15:33:28,410:INFO:Importing libraries
2021-07-12 15:33:28,410:INFO:Copying training dataset
2021-07-12 15:33:28,410:INFO:Defining folds
2021-07-12 15:33:28,410:INFO:Declaring metric variables
2021-07-12 15:33:28,414:INFO:Importing untrained model
2021-07-12 15:33:28,417:INFO:Bayesian Ridge Imported succesfully
2021-07-12 15:33:28,424:INFO:Starting cross validation
2021-07-12 15:33:28,424:INFO:Cross validating with KFold(n_splits=10, random_state=None, shuffle=False), n_jobs=-1
2021-07-12 15:33:28,473:INFO:Calculating mean and std
2021-07-12 15:33:28,473:INFO:Creating metrics dataframe
2021-07-12 15:33:28,476:INFO:Uploading results into container
2021-07-12 15:33:28,477:INFO:Uploading model into container now
2021-07-12 15:33:28,477:INFO:create_model_container: 8
2021-07-12 15:33:28,477:INFO:master_model_container: 8
2021-07-12 15:33:28,477:INFO:display_container: 2
2021-07-12 15:33:28,477:INFO:BayesianRidge(alpha_1=1e-06, alpha_2=1e-06, alpha_init=None,
              compute_score=False, copy_X=True, fit_intercept=True,
              lambda_1=1e-06, lambda_2=1e-06, lambda_init=None, n_iter=300,
              normalize=False, tol=0.001, verbose=False)
2021-07-12 15:33:28,477:INFO:create_model() succesfully completed......................................
2021-07-12 15:33:28,571:INFO:SubProcess create_model() end ==================================
2021-07-12 15:33:28,571:INFO:Creating metrics dataframe
2021-07-12 15:33:28,579:INFO:Initializing Passive Aggressive Regressor
2021-07-12 15:33:28,579:INFO:Total runtime is 0.11015170415242515 minutes
2021-07-12 15:33:28,582:INFO:SubProcess create_model() called ==================================
2021-07-12 15:33:28,583:INFO:Initializing create_model()
2021-07-12 15:33:28,583:INFO:create_model(estimator=par, fold=KFold(n_splits=10, random_state=None, shuffle=False), round=4, cross_validation=True, predict=True, fit_kwargs={}, groups=None, refit=False, verbose=False, system=False, metrics=None, display=<pycaret.internal.Display.Display object at 0x17b3d7220>, kwargs={})
2021-07-12 15:33:28,583:INFO:Checking exceptions
2021-07-12 15:33:28,583:INFO:Importing libraries
2021-07-12 15:33:28,583:INFO:Copying training dataset
2021-07-12 15:33:28,583:INFO:Defining folds
2021-07-12 15:33:28,583:INFO:Declaring metric variables
2021-07-12 15:33:28,587:INFO:Importing untrained model
2021-07-12 15:33:28,590:INFO:Passive Aggressive Regressor Imported succesfully
2021-07-12 15:33:28,597:INFO:Starting cross validation
2021-07-12 15:33:28,598:INFO:Cross validating with KFold(n_splits=10, random_state=None, shuffle=False), n_jobs=-1
2021-07-12 15:33:28,662:INFO:Calculating mean and std
2021-07-12 15:33:28,662:INFO:Creating metrics dataframe
2021-07-12 15:33:28,666:INFO:Uploading results into container
2021-07-12 15:33:28,666:INFO:Uploading model into container now
2021-07-12 15:33:28,666:INFO:create_model_container: 9
2021-07-12 15:33:28,666:INFO:master_model_container: 9
2021-07-12 15:33:28,666:INFO:display_container: 2
2021-07-12 15:33:28,666:INFO:PassiveAggressiveRegressor(C=1.0, average=False, early_stopping=False,
                           epsilon=0.1, fit_intercept=True,
                           loss='epsilon_insensitive', max_iter=1000,
                           n_iter_no_change=5, random_state=7426, shuffle=True,
                           tol=0.001, validation_fraction=0.1, verbose=0,
                           warm_start=False)
2021-07-12 15:33:28,666:INFO:create_model() succesfully completed......................................
2021-07-12 15:33:28,762:INFO:SubProcess create_model() end ==================================
2021-07-12 15:33:28,763:INFO:Creating metrics dataframe
2021-07-12 15:33:28,770:INFO:Initializing Huber Regressor
2021-07-12 15:33:28,770:INFO:Total runtime is 0.1133387843767802 minutes
2021-07-12 15:33:28,773:INFO:SubProcess create_model() called ==================================
2021-07-12 15:33:28,774:INFO:Initializing create_model()
2021-07-12 15:33:28,774:INFO:create_model(estimator=huber, fold=KFold(n_splits=10, random_state=None, shuffle=False), round=4, cross_validation=True, predict=True, fit_kwargs={}, groups=None, refit=False, verbose=False, system=False, metrics=None, display=<pycaret.internal.Display.Display object at 0x17b3d7220>, kwargs={})
2021-07-12 15:33:28,774:INFO:Checking exceptions
2021-07-12 15:33:28,774:INFO:Importing libraries
2021-07-12 15:33:28,774:INFO:Copying training dataset
2021-07-12 15:33:28,774:INFO:Defining folds
2021-07-12 15:33:28,774:INFO:Declaring metric variables
2021-07-12 15:33:28,778:INFO:Importing untrained model
2021-07-12 15:33:28,781:INFO:Huber Regressor Imported succesfully
2021-07-12 15:33:28,788:INFO:Starting cross validation
2021-07-12 15:33:28,788:INFO:Cross validating with KFold(n_splits=10, random_state=None, shuffle=False), n_jobs=-1
2021-07-12 15:33:28,905:INFO:Calculating mean and std
2021-07-12 15:33:28,906:INFO:Creating metrics dataframe
2021-07-12 15:33:28,909:INFO:Uploading results into container
2021-07-12 15:33:28,909:INFO:Uploading model into container now
2021-07-12 15:33:28,909:INFO:create_model_container: 10
2021-07-12 15:33:28,909:INFO:master_model_container: 10
2021-07-12 15:33:28,909:INFO:display_container: 2
2021-07-12 15:33:28,909:INFO:HuberRegressor(alpha=0.0001, epsilon=1.35, fit_intercept=True, max_iter=100,
               tol=1e-05, warm_start=False)
2021-07-12 15:33:28,909:INFO:create_model() succesfully completed......................................
2021-07-12 15:33:29,004:INFO:SubProcess create_model() end ==================================
2021-07-12 15:33:29,004:INFO:Creating metrics dataframe
2021-07-12 15:33:29,012:INFO:Initializing K Neighbors Regressor
2021-07-12 15:33:29,012:INFO:Total runtime is 0.11736690203348797 minutes
2021-07-12 15:33:29,015:INFO:SubProcess create_model() called ==================================
2021-07-12 15:33:29,015:INFO:Initializing create_model()
2021-07-12 15:33:29,015:INFO:create_model(estimator=knn, fold=KFold(n_splits=10, random_state=None, shuffle=False), round=4, cross_validation=True, predict=True, fit_kwargs={}, groups=None, refit=False, verbose=False, system=False, metrics=None, display=<pycaret.internal.Display.Display object at 0x17b3d7220>, kwargs={})
2021-07-12 15:33:29,016:INFO:Checking exceptions
2021-07-12 15:33:29,016:INFO:Importing libraries
2021-07-12 15:33:29,016:INFO:Copying training dataset
2021-07-12 15:33:29,016:INFO:Defining folds
2021-07-12 15:33:29,016:INFO:Declaring metric variables
2021-07-12 15:33:29,019:INFO:Importing untrained model
2021-07-12 15:33:29,023:INFO:K Neighbors Regressor Imported succesfully
2021-07-12 15:33:29,029:INFO:Starting cross validation
2021-07-12 15:33:29,030:INFO:Cross validating with KFold(n_splits=10, random_state=None, shuffle=False), n_jobs=-1
2021-07-12 15:33:29,089:INFO:Calculating mean and std
2021-07-12 15:33:29,090:INFO:Creating metrics dataframe
2021-07-12 15:33:29,093:INFO:Uploading results into container
2021-07-12 15:33:29,093:INFO:Uploading model into container now
2021-07-12 15:33:29,093:INFO:create_model_container: 11
2021-07-12 15:33:29,093:INFO:master_model_container: 11
2021-07-12 15:33:29,093:INFO:display_container: 2
2021-07-12 15:33:29,093:INFO:KNeighborsRegressor(algorithm='auto', leaf_size=30, metric='minkowski',
                    metric_params=None, n_jobs=-1, n_neighbors=5, p=2,
                    weights='uniform')
2021-07-12 15:33:29,093:INFO:create_model() succesfully completed......................................
2021-07-12 15:33:29,188:INFO:SubProcess create_model() end ==================================
2021-07-12 15:33:29,189:INFO:Creating metrics dataframe
2021-07-12 15:33:29,196:INFO:Initializing Decision Tree Regressor
2021-07-12 15:33:29,196:INFO:Total runtime is 0.1204394340515137 minutes
2021-07-12 15:33:29,200:INFO:SubProcess create_model() called ==================================
2021-07-12 15:33:29,200:INFO:Initializing create_model()
2021-07-12 15:33:29,200:INFO:create_model(estimator=dt, fold=KFold(n_splits=10, random_state=None, shuffle=False), round=4, cross_validation=True, predict=True, fit_kwargs={}, groups=None, refit=False, verbose=False, system=False, metrics=None, display=<pycaret.internal.Display.Display object at 0x17b3d7220>, kwargs={})
2021-07-12 15:33:29,200:INFO:Checking exceptions
2021-07-12 15:33:29,200:INFO:Importing libraries
2021-07-12 15:33:29,200:INFO:Copying training dataset
2021-07-12 15:33:29,200:INFO:Defining folds
2021-07-12 15:33:29,200:INFO:Declaring metric variables
2021-07-12 15:33:29,204:INFO:Importing untrained model
2021-07-12 15:33:29,207:INFO:Decision Tree Regressor Imported succesfully
2021-07-12 15:33:29,214:INFO:Starting cross validation
2021-07-12 15:33:29,215:INFO:Cross validating with KFold(n_splits=10, random_state=None, shuffle=False), n_jobs=-1
2021-07-12 15:33:29,275:INFO:Calculating mean and std
2021-07-12 15:33:29,276:INFO:Creating metrics dataframe
2021-07-12 15:33:29,279:INFO:Uploading results into container
2021-07-12 15:33:29,279:INFO:Uploading model into container now
2021-07-12 15:33:29,279:INFO:create_model_container: 12
2021-07-12 15:33:29,279:INFO:master_model_container: 12
2021-07-12 15:33:29,279:INFO:display_container: 2
2021-07-12 15:33:29,280:INFO:DecisionTreeRegressor(ccp_alpha=0.0, criterion='mse', max_depth=None,
                      max_features=None, max_leaf_nodes=None,
                      min_impurity_decrease=0.0, min_impurity_split=None,
                      min_samples_leaf=1, min_samples_split=2,
                      min_weight_fraction_leaf=0.0, presort='deprecated',
                      random_state=7426, splitter='best')
2021-07-12 15:33:29,280:INFO:create_model() succesfully completed......................................
2021-07-12 15:33:29,379:INFO:SubProcess create_model() end ==================================
2021-07-12 15:33:29,379:INFO:Creating metrics dataframe
2021-07-12 15:33:29,387:INFO:Initializing Random Forest Regressor
2021-07-12 15:33:29,387:INFO:Total runtime is 0.12363053162892662 minutes
2021-07-12 15:33:29,391:INFO:SubProcess create_model() called ==================================
2021-07-12 15:33:29,391:INFO:Initializing create_model()
2021-07-12 15:33:29,391:INFO:create_model(estimator=rf, fold=KFold(n_splits=10, random_state=None, shuffle=False), round=4, cross_validation=True, predict=True, fit_kwargs={}, groups=None, refit=False, verbose=False, system=False, metrics=None, display=<pycaret.internal.Display.Display object at 0x17b3d7220>, kwargs={})
2021-07-12 15:33:29,391:INFO:Checking exceptions
2021-07-12 15:33:29,392:INFO:Importing libraries
2021-07-12 15:33:29,392:INFO:Copying training dataset
2021-07-12 15:33:29,392:INFO:Defining folds
2021-07-12 15:33:29,392:INFO:Declaring metric variables
2021-07-12 15:33:29,395:INFO:Importing untrained model
2021-07-12 15:33:29,399:INFO:Random Forest Regressor Imported succesfully
2021-07-12 15:33:29,406:INFO:Starting cross validation
2021-07-12 15:33:29,406:INFO:Cross validating with KFold(n_splits=10, random_state=None, shuffle=False), n_jobs=-1
2021-07-12 15:33:29,892:INFO:Calculating mean and std
2021-07-12 15:33:29,892:INFO:Creating metrics dataframe
2021-07-12 15:33:29,895:INFO:Uploading results into container
2021-07-12 15:33:29,895:INFO:Uploading model into container now
2021-07-12 15:33:29,895:INFO:create_model_container: 13
2021-07-12 15:33:29,895:INFO:master_model_container: 13
2021-07-12 15:33:29,896:INFO:display_container: 2
2021-07-12 15:33:29,896:INFO:RandomForestRegressor(bootstrap=True, ccp_alpha=0.0, criterion='mse',
                      max_depth=None, max_features='auto', max_leaf_nodes=None,
                      max_samples=None, min_impurity_decrease=0.0,
                      min_impurity_split=None, min_samples_leaf=1,
                      min_samples_split=2, min_weight_fraction_leaf=0.0,
                      n_estimators=100, n_jobs=-1, oob_score=False,
                      random_state=7426, verbose=0, warm_start=False)
2021-07-12 15:33:29,896:INFO:create_model() succesfully completed......................................
2021-07-12 15:33:29,990:INFO:SubProcess create_model() end ==================================
2021-07-12 15:33:29,990:INFO:Creating metrics dataframe
2021-07-12 15:33:29,999:INFO:Initializing Extra Trees Regressor
2021-07-12 15:33:29,999:INFO:Total runtime is 0.13382140398025516 minutes
2021-07-12 15:33:30,003:INFO:SubProcess create_model() called ==================================
2021-07-12 15:33:30,003:INFO:Initializing create_model()
2021-07-12 15:33:30,003:INFO:create_model(estimator=et, fold=KFold(n_splits=10, random_state=None, shuffle=False), round=4, cross_validation=True, predict=True, fit_kwargs={}, groups=None, refit=False, verbose=False, system=False, metrics=None, display=<pycaret.internal.Display.Display object at 0x17b3d7220>, kwargs={})
2021-07-12 15:33:30,003:INFO:Checking exceptions
2021-07-12 15:33:30,003:INFO:Importing libraries
2021-07-12 15:33:30,003:INFO:Copying training dataset
2021-07-12 15:33:30,003:INFO:Defining folds
2021-07-12 15:33:30,003:INFO:Declaring metric variables
2021-07-12 15:33:30,007:INFO:Importing untrained model
2021-07-12 15:33:30,010:INFO:Extra Trees Regressor Imported succesfully
2021-07-12 15:33:30,017:INFO:Starting cross validation
2021-07-12 15:33:30,018:INFO:Cross validating with KFold(n_splits=10, random_state=None, shuffle=False), n_jobs=-1
2021-07-12 15:33:30,438:INFO:Calculating mean and std
2021-07-12 15:33:30,439:INFO:Creating metrics dataframe
2021-07-12 15:33:30,442:INFO:Uploading results into container
2021-07-12 15:33:30,442:INFO:Uploading model into container now
2021-07-12 15:33:30,442:INFO:create_model_container: 14
2021-07-12 15:33:30,442:INFO:master_model_container: 14
2021-07-12 15:33:30,442:INFO:display_container: 2
2021-07-12 15:33:30,442:INFO:ExtraTreesRegressor(bootstrap=False, ccp_alpha=0.0, criterion='mse',
                    max_depth=None, max_features='auto', max_leaf_nodes=None,
                    max_samples=None, min_impurity_decrease=0.0,
                    min_impurity_split=None, min_samples_leaf=1,
                    min_samples_split=2, min_weight_fraction_leaf=0.0,
                    n_estimators=100, n_jobs=-1, oob_score=False,
                    random_state=7426, verbose=0, warm_start=False)
2021-07-12 15:33:30,442:INFO:create_model() succesfully completed......................................
2021-07-12 15:33:30,534:INFO:SubProcess create_model() end ==================================
2021-07-12 15:33:30,534:INFO:Creating metrics dataframe
2021-07-12 15:33:30,541:INFO:Initializing AdaBoost Regressor
2021-07-12 15:33:30,542:INFO:Total runtime is 0.14286556641260786 minutes
2021-07-12 15:33:30,545:INFO:SubProcess create_model() called ==================================
2021-07-12 15:33:30,545:INFO:Initializing create_model()
2021-07-12 15:33:30,545:INFO:create_model(estimator=ada, fold=KFold(n_splits=10, random_state=None, shuffle=False), round=4, cross_validation=True, predict=True, fit_kwargs={}, groups=None, refit=False, verbose=False, system=False, metrics=None, display=<pycaret.internal.Display.Display object at 0x17b3d7220>, kwargs={})
2021-07-12 15:33:30,545:INFO:Checking exceptions
2021-07-12 15:33:30,545:INFO:Importing libraries
2021-07-12 15:33:30,545:INFO:Copying training dataset
2021-07-12 15:33:30,546:INFO:Defining folds
2021-07-12 15:33:30,546:INFO:Declaring metric variables
2021-07-12 15:33:30,549:INFO:Importing untrained model
2021-07-12 15:33:30,553:INFO:AdaBoost Regressor Imported succesfully
2021-07-12 15:33:30,559:INFO:Starting cross validation
2021-07-12 15:33:30,560:INFO:Cross validating with KFold(n_splits=10, random_state=None, shuffle=False), n_jobs=-1
2021-07-12 15:33:30,630:INFO:Calculating mean and std
2021-07-12 15:33:30,630:INFO:Creating metrics dataframe
2021-07-12 15:33:30,633:INFO:Uploading results into container
2021-07-12 15:33:30,633:INFO:Uploading model into container now
2021-07-12 15:33:30,634:INFO:create_model_container: 15
2021-07-12 15:33:30,634:INFO:master_model_container: 15
2021-07-12 15:33:30,634:INFO:display_container: 2
2021-07-12 15:33:30,634:INFO:AdaBoostRegressor(base_estimator=None, learning_rate=1.0, loss='linear',
                  n_estimators=50, random_state=7426)
2021-07-12 15:33:30,634:INFO:create_model() succesfully completed......................................
2021-07-12 15:33:30,730:INFO:SubProcess create_model() end ==================================
2021-07-12 15:33:30,730:INFO:Creating metrics dataframe
2021-07-12 15:33:30,738:INFO:Initializing Gradient Boosting Regressor
2021-07-12 15:33:30,738:INFO:Total runtime is 0.14613629976908368 minutes
2021-07-12 15:33:30,742:INFO:SubProcess create_model() called ==================================
2021-07-12 15:33:30,742:INFO:Initializing create_model()
2021-07-12 15:33:30,742:INFO:create_model(estimator=gbr, fold=KFold(n_splits=10, random_state=None, shuffle=False), round=4, cross_validation=True, predict=True, fit_kwargs={}, groups=None, refit=False, verbose=False, system=False, metrics=None, display=<pycaret.internal.Display.Display object at 0x17b3d7220>, kwargs={})
2021-07-12 15:33:30,742:INFO:Checking exceptions
2021-07-12 15:33:30,742:INFO:Importing libraries
2021-07-12 15:33:30,742:INFO:Copying training dataset
2021-07-12 15:33:30,742:INFO:Defining folds
2021-07-12 15:33:30,742:INFO:Declaring metric variables
2021-07-12 15:33:30,746:INFO:Importing untrained model
2021-07-12 15:33:30,750:INFO:Gradient Boosting Regressor Imported succesfully
2021-07-12 15:33:30,757:INFO:Starting cross validation
2021-07-12 15:33:30,757:INFO:Cross validating with KFold(n_splits=10, random_state=None, shuffle=False), n_jobs=-1
2021-07-12 15:33:30,894:INFO:Calculating mean and std
2021-07-12 15:33:30,895:INFO:Creating metrics dataframe
2021-07-12 15:33:30,897:INFO:Uploading results into container
2021-07-12 15:33:30,898:INFO:Uploading model into container now
2021-07-12 15:33:30,898:INFO:create_model_container: 16
2021-07-12 15:33:30,898:INFO:master_model_container: 16
2021-07-12 15:33:30,898:INFO:display_container: 2
2021-07-12 15:33:30,898:INFO:GradientBoostingRegressor(alpha=0.9, ccp_alpha=0.0, criterion='friedman_mse',
                          init=None, learning_rate=0.1, loss='ls', max_depth=3,
                          max_features=None, max_leaf_nodes=None,
                          min_impurity_decrease=0.0, min_impurity_split=None,
                          min_samples_leaf=1, min_samples_split=2,
                          min_weight_fraction_leaf=0.0, n_estimators=100,
                          n_iter_no_change=None, presort='deprecated',
                          random_state=7426, subsample=1.0, tol=0.0001,
                          validation_fraction=0.1, verbose=0, warm_start=False)
2021-07-12 15:33:30,898:INFO:create_model() succesfully completed......................................
2021-07-12 15:33:30,999:INFO:SubProcess create_model() end ==================================
2021-07-12 15:33:30,999:INFO:Creating metrics dataframe
2021-07-12 15:33:31,008:INFO:Initializing Extreme Gradient Boosting
2021-07-12 15:33:31,008:INFO:Total runtime is 0.15063600142796837 minutes
2021-07-12 15:33:31,012:INFO:SubProcess create_model() called ==================================
2021-07-12 15:33:31,012:INFO:Initializing create_model()
2021-07-12 15:33:31,012:INFO:create_model(estimator=xgboost, fold=KFold(n_splits=10, random_state=None, shuffle=False), round=4, cross_validation=True, predict=True, fit_kwargs={}, groups=None, refit=False, verbose=False, system=False, metrics=None, display=<pycaret.internal.Display.Display object at 0x17b3d7220>, kwargs={})
2021-07-12 15:33:31,012:INFO:Checking exceptions
2021-07-12 15:33:31,012:INFO:Importing libraries
2021-07-12 15:33:31,012:INFO:Copying training dataset
2021-07-12 15:33:31,012:INFO:Defining folds
2021-07-12 15:33:31,012:INFO:Declaring metric variables
2021-07-12 15:33:31,016:INFO:Importing untrained model
2021-07-12 15:33:31,020:INFO:Extreme Gradient Boosting Imported succesfully
2021-07-12 15:33:31,027:INFO:Starting cross validation
2021-07-12 15:33:31,028:INFO:Cross validating with KFold(n_splits=10, random_state=None, shuffle=False), n_jobs=-1
2021-07-12 15:33:33,511:INFO:Calculating mean and std
2021-07-12 15:33:33,511:INFO:Creating metrics dataframe
2021-07-12 15:33:33,515:INFO:Uploading results into container
2021-07-12 15:33:33,515:INFO:Uploading model into container now
2021-07-12 15:33:33,515:INFO:create_model_container: 17
2021-07-12 15:33:33,515:INFO:master_model_container: 17
2021-07-12 15:33:33,515:INFO:display_container: 2
2021-07-12 15:33:33,516:INFO:XGBRegressor(base_score=None, booster='gbtree', colsample_bylevel=None,
             colsample_bynode=None, colsample_bytree=None, gamma=None,
             gpu_id=None, importance_type='gain', interaction_constraints=None,
             learning_rate=None, max_delta_step=None, max_depth=None,
             min_child_weight=None, missing=nan, monotone_constraints=None,
             n_estimators=100, n_jobs=-1, num_parallel_tree=None,
             objective='reg:squarederror', random_state=7426, reg_alpha=None,
             reg_lambda=None, scale_pos_weight=None, subsample=None,
             tree_method='auto', validate_parameters=None, verbosity=0)
2021-07-12 15:33:33,516:INFO:create_model() succesfully completed......................................
2021-07-12 15:33:33,616:INFO:SubProcess create_model() end ==================================
2021-07-12 15:33:33,616:INFO:Creating metrics dataframe
2021-07-12 15:33:33,623:INFO:Initializing Light Gradient Boosting Machine
2021-07-12 15:33:33,623:INFO:Total runtime is 0.1942294200261434 minutes
2021-07-12 15:33:33,627:INFO:SubProcess create_model() called ==================================
2021-07-12 15:33:33,627:INFO:Initializing create_model()
2021-07-12 15:33:33,627:INFO:create_model(estimator=lightgbm, fold=KFold(n_splits=10, random_state=None, shuffle=False), round=4, cross_validation=True, predict=True, fit_kwargs={}, groups=None, refit=False, verbose=False, system=False, metrics=None, display=<pycaret.internal.Display.Display object at 0x17b3d7220>, kwargs={})
2021-07-12 15:33:33,627:INFO:Checking exceptions
2021-07-12 15:33:33,628:INFO:Importing libraries
2021-07-12 15:33:33,628:INFO:Copying training dataset
2021-07-12 15:33:33,628:INFO:Defining folds
2021-07-12 15:33:33,628:INFO:Declaring metric variables
2021-07-12 15:33:33,631:INFO:Importing untrained model
2021-07-12 15:33:33,635:INFO:Light Gradient Boosting Machine Imported succesfully
2021-07-12 15:33:33,642:INFO:Starting cross validation
2021-07-12 15:33:33,643:INFO:Cross validating with KFold(n_splits=10, random_state=None, shuffle=False), n_jobs=-1
2021-07-12 15:33:38,359:INFO:Calculating mean and std
2021-07-12 15:33:38,359:INFO:Creating metrics dataframe
2021-07-12 15:33:38,363:INFO:Uploading results into container
2021-07-12 15:33:38,364:INFO:Uploading model into container now
2021-07-12 15:33:38,364:INFO:create_model_container: 18
2021-07-12 15:33:38,364:INFO:master_model_container: 18
2021-07-12 15:33:38,364:INFO:display_container: 2
2021-07-12 15:33:38,364:INFO:LGBMRegressor(boosting_type='gbdt', class_weight=None, colsample_bytree=1.0,
              importance_type='split', learning_rate=0.1, max_depth=-1,
              min_child_samples=20, min_child_weight=0.001, min_split_gain=0.0,
              n_estimators=100, n_jobs=-1, num_leaves=31, objective=None,
              random_state=7426, reg_alpha=0.0, reg_lambda=0.0, silent=True,
              subsample=1.0, subsample_for_bin=200000, subsample_freq=0)
2021-07-12 15:33:38,364:INFO:create_model() succesfully completed......................................
2021-07-12 15:33:38,467:INFO:SubProcess create_model() end ==================================
2021-07-12 15:33:38,467:INFO:Creating metrics dataframe
2021-07-12 15:33:38,475:INFO:Initializing CatBoost Regressor
2021-07-12 15:33:38,475:INFO:Total runtime is 0.2750859538714091 minutes
2021-07-12 15:33:38,478:INFO:SubProcess create_model() called ==================================
2021-07-12 15:33:38,479:INFO:Initializing create_model()
2021-07-12 15:33:38,479:INFO:create_model(estimator=catboost, fold=KFold(n_splits=10, random_state=None, shuffle=False), round=4, cross_validation=True, predict=True, fit_kwargs={}, groups=None, refit=False, verbose=False, system=False, metrics=None, display=<pycaret.internal.Display.Display object at 0x17b3d7220>, kwargs={})
2021-07-12 15:33:38,479:INFO:Checking exceptions
2021-07-12 15:33:38,479:INFO:Importing libraries
2021-07-12 15:33:38,479:INFO:Copying training dataset
2021-07-12 15:33:38,479:INFO:Defining folds
2021-07-12 15:33:38,479:INFO:Declaring metric variables
2021-07-12 15:33:38,483:INFO:Importing untrained model
2021-07-12 15:33:38,489:INFO:CatBoost Regressor Imported succesfully
2021-07-12 15:33:38,496:INFO:Starting cross validation
2021-07-12 15:33:38,498:INFO:Cross validating with KFold(n_splits=10, random_state=None, shuffle=False), n_jobs=-1
2021-07-12 15:33:39,941:INFO:Calculating mean and std
2021-07-12 15:33:39,941:INFO:Creating metrics dataframe
2021-07-12 15:33:39,944:INFO:Uploading results into container
2021-07-12 15:33:39,945:INFO:Uploading model into container now
2021-07-12 15:33:39,945:INFO:create_model_container: 19
2021-07-12 15:33:39,945:INFO:master_model_container: 19
2021-07-12 15:33:39,945:INFO:display_container: 2
2021-07-12 15:33:39,945:INFO:<catboost.core.CatBoostRegressor object at 0x17ebeab50>
2021-07-12 15:33:39,945:INFO:create_model() succesfully completed......................................
2021-07-12 15:33:40,044:INFO:SubProcess create_model() end ==================================
2021-07-12 15:33:40,044:INFO:Creating metrics dataframe
2021-07-12 15:33:40,061:INFO:Initializing create_model()
2021-07-12 15:33:40,061:INFO:create_model(estimator=GradientBoostingRegressor(alpha=0.9, ccp_alpha=0.0, criterion='friedman_mse',
                          init=None, learning_rate=0.1, loss='ls', max_depth=3,
                          max_features=None, max_leaf_nodes=None,
                          min_impurity_decrease=0.0, min_impurity_split=None,
                          min_samples_leaf=1, min_samples_split=2,
                          min_weight_fraction_leaf=0.0, n_estimators=100,
                          n_iter_no_change=None, presort='deprecated',
                          random_state=7426, subsample=1.0, tol=0.0001,
                          validation_fraction=0.1, verbose=0, warm_start=False), fold=KFold(n_splits=10, random_state=None, shuffle=False), round=4, cross_validation=False, predict=False, fit_kwargs={}, groups=None, refit=True, verbose=False, system=False, metrics=None, display=None, kwargs={})
2021-07-12 15:33:40,061:INFO:Checking exceptions
2021-07-12 15:33:40,061:INFO:Importing libraries
2021-07-12 15:33:40,061:INFO:Copying training dataset
2021-07-12 15:33:40,062:INFO:Defining folds
2021-07-12 15:33:40,062:INFO:Declaring metric variables
2021-07-12 15:33:40,062:INFO:Importing untrained model
2021-07-12 15:33:40,062:INFO:Declaring custom model
2021-07-12 15:33:40,063:INFO:Gradient Boosting Regressor Imported succesfully
2021-07-12 15:33:40,063:INFO:Cross validation set to False
2021-07-12 15:33:40,063:INFO:Fitting Model
2021-07-12 15:33:40,146:INFO:GradientBoostingRegressor(alpha=0.9, ccp_alpha=0.0, criterion='friedman_mse',
                          init=None, learning_rate=0.1, loss='ls', max_depth=3,
                          max_features=None, max_leaf_nodes=None,
                          min_impurity_decrease=0.0, min_impurity_split=None,
                          min_samples_leaf=1, min_samples_split=2,
                          min_weight_fraction_leaf=0.0, n_estimators=100,
                          n_iter_no_change=None, presort='deprecated',
                          random_state=7426, subsample=1.0, tol=0.0001,
                          validation_fraction=0.1, verbose=0, warm_start=False)
2021-07-12 15:33:40,146:INFO:create_models() succesfully completed......................................
2021-07-12 15:33:40,273:INFO:create_model_container: 19
2021-07-12 15:33:40,273:INFO:master_model_container: 19
2021-07-12 15:33:40,273:INFO:display_container: 2
2021-07-12 15:33:40,274:INFO:GradientBoostingRegressor(alpha=0.9, ccp_alpha=0.0, criterion='friedman_mse',
                          init=None, learning_rate=0.1, loss='ls', max_depth=3,
                          max_features=None, max_leaf_nodes=None,
                          min_impurity_decrease=0.0, min_impurity_split=None,
                          min_samples_leaf=1, min_samples_split=2,
                          min_weight_fraction_leaf=0.0, n_estimators=100,
                          n_iter_no_change=None, presort='deprecated',
                          random_state=7426, subsample=1.0, tol=0.0001,
                          validation_fraction=0.1, verbose=0, warm_start=False)
2021-07-12 15:33:40,274:INFO:compare_models() succesfully completed......................................
2021-07-12 15:33:40,279:INFO:Initializing finalize_model()
2021-07-12 15:33:40,279:INFO:finalize_model(estimator=GradientBoostingRegressor(alpha=0.9, ccp_alpha=0.0, criterion='friedman_mse',
                          init=None, learning_rate=0.1, loss='ls', max_depth=3,
                          max_features=None, max_leaf_nodes=None,
                          min_impurity_decrease=0.0, min_impurity_split=None,
                          min_samples_leaf=1, min_samples_split=2,
                          min_weight_fraction_leaf=0.0, n_estimators=100,
                          n_iter_no_change=None, presort='deprecated',
                          random_state=7426, subsample=1.0, tol=0.0001,
                          validation_fraction=0.1, verbose=0, warm_start=False), fit_kwargs=None, groups=None, model_only=True, display=None)
2021-07-12 15:33:40,280:INFO:Finalizing GradientBoostingRegressor(alpha=0.9, ccp_alpha=0.0, criterion='friedman_mse',
                          init=None, learning_rate=0.1, loss='ls', max_depth=3,
                          max_features=None, max_leaf_nodes=None,
                          min_impurity_decrease=0.0, min_impurity_split=None,
                          min_samples_leaf=1, min_samples_split=2,
                          min_weight_fraction_leaf=0.0, n_estimators=100,
                          n_iter_no_change=None, presort='deprecated',
                          random_state=7426, subsample=1.0, tol=0.0001,
                          validation_fraction=0.1, verbose=0, warm_start=False)
2021-07-12 15:33:40,280:INFO:Initializing create_model()
2021-07-12 15:33:40,280:INFO:create_model(estimator=GradientBoostingRegressor(alpha=0.9, ccp_alpha=0.0, criterion='friedman_mse',
                          init=None, learning_rate=0.1, loss='ls', max_depth=3,
                          max_features=None, max_leaf_nodes=None,
                          min_impurity_decrease=0.0, min_impurity_split=None,
                          min_samples_leaf=1, min_samples_split=2,
                          min_weight_fraction_leaf=0.0, n_estimators=100,
                          n_iter_no_change=None, presort='deprecated',
                          random_state=7426, subsample=1.0, tol=0.0001,
                          validation_fraction=0.1, verbose=0, warm_start=False), fold=None, round=4, cross_validation=True, predict=True, fit_kwargs={}, groups=None, refit=True, verbose=False, system=False, metrics=None, display=None, kwargs={})
2021-07-12 15:33:40,280:INFO:Checking exceptions
2021-07-12 15:33:40,280:INFO:Importing libraries
2021-07-12 15:33:40,280:INFO:Copying training dataset
2021-07-12 15:33:40,280:INFO:Defining folds
2021-07-12 15:33:40,280:INFO:Declaring metric variables
2021-07-12 15:33:40,280:INFO:Importing untrained model
2021-07-12 15:33:40,281:INFO:Declaring custom model
2021-07-12 15:33:40,281:INFO:Gradient Boosting Regressor Imported succesfully
2021-07-12 15:33:40,281:INFO:Starting cross validation
2021-07-12 15:33:40,282:INFO:Cross validating with KFold(n_splits=10, random_state=None, shuffle=False), n_jobs=-1
2021-07-12 15:33:40,492:INFO:Calculating mean and std
2021-07-12 15:33:40,492:INFO:Creating metrics dataframe
2021-07-12 15:33:40,496:INFO:Finalizing model
2021-07-12 15:33:40,597:INFO:Uploading results into container
2021-07-12 15:33:40,597:INFO:Uploading model into container now
2021-07-12 15:33:40,597:INFO:create_model_container: 20
2021-07-12 15:33:40,597:INFO:master_model_container: 20
2021-07-12 15:33:40,597:INFO:display_container: 3
2021-07-12 15:33:40,598:INFO:GradientBoostingRegressor(alpha=0.9, ccp_alpha=0.0, criterion='friedman_mse',
                          init=None, learning_rate=0.1, loss='ls', max_depth=3,
                          max_features=None, max_leaf_nodes=None,
                          min_impurity_decrease=0.0, min_impurity_split=None,
                          min_samples_leaf=1, min_samples_split=2,
                          min_weight_fraction_leaf=0.0, n_estimators=100,
                          n_iter_no_change=None, presort='deprecated',
                          random_state=7426, subsample=1.0, tol=0.0001,
                          validation_fraction=0.1, verbose=0, warm_start=False)
2021-07-12 15:33:40,598:INFO:create_model() succesfully completed......................................
2021-07-12 15:33:40,694:INFO:create_model_container: 20
2021-07-12 15:33:40,694:INFO:master_model_container: 20
2021-07-12 15:33:40,694:INFO:display_container: 2
2021-07-12 15:33:40,695:INFO:GradientBoostingRegressor(alpha=0.9, ccp_alpha=0.0, criterion='friedman_mse',
                          init=None, learning_rate=0.1, loss='ls', max_depth=3,
                          max_features=None, max_leaf_nodes=None,
                          min_impurity_decrease=0.0, min_impurity_split=None,
                          min_samples_leaf=1, min_samples_split=2,
                          min_weight_fraction_leaf=0.0, n_estimators=100,
                          n_iter_no_change=None, presort='deprecated',
                          random_state=7426, subsample=1.0, tol=0.0001,
                          validation_fraction=0.1, verbose=0, warm_start=False)
2021-07-12 15:33:40,695:INFO:finalize_model() succesfully completed......................................
2021-07-12 15:33:41,019:INFO:Initializing predict_model()
2021-07-12 15:33:41,019:INFO:predict_model(estimator=GradientBoostingRegressor(alpha=0.9, ccp_alpha=0.0, criterion='friedman_mse',
                          init=None, learning_rate=0.1, loss='ls', max_depth=3,
                          max_features=None, max_leaf_nodes=None,
                          min_impurity_decrease=0.0, min_impurity_split=None,
                          min_samples_leaf=1, min_samples_split=2,
                          min_weight_fraction_leaf=0.0, n_estimators=100,
                          n_iter_no_change=None, presort='deprecated',
                          random_state=7426, subsample=1.0, tol=0.0001,
                          validation_fraction=0.1, verbose=0, warm_start=False), probability_threshold=None, encoded_labels=True, raw_score=False, round=4, verbose=True, ml_usecase=MLUsecase.REGRESSION, display=None)
2021-07-12 15:33:41,019:INFO:Checking exceptions
2021-07-12 15:33:41,019:INFO:Preloading libraries
2021-07-12 15:33:41,019:INFO:Preparing display monitor
